  Camera.cpp
c:\users\yaso\documents\visual studio 2017\projects\eve\eve\Cell.h(94): warning C4244: 'return': conversion from 'int' to 'float', possible loss of data
c:\users\yaso\documents\visual studio 2017\projects\eve\eve\World.h(20): warning C4244: 'initializing': conversion from 'float' to 'unsigned long', possible loss of data
c:\users\yaso\documents\visual studio 2017\projects\eve\eve\World.h(57): warning C4018: '>': signed/unsigned mismatch
c:\users\yaso\documents\visual studio 2017\projects\eve\eve\World.h(74): warning C4018: '<': signed/unsigned mismatch
Camera.cpp(19): warning C4244: '=': conversion from 'LONG' to 'FLOAT', possible loss of data
Camera.cpp(20): warning C4244: '=': conversion from 'LONG' to 'FLOAT', possible loss of data
  Cell.cpp
c:\users\yaso\documents\visual studio 2017\projects\eve\eve\Cell.h(94): warning C4244: 'return': conversion from 'int' to 'float', possible loss of data
c:\users\yaso\documents\visual studio 2017\projects\eve\eve\World.h(20): warning C4244: 'initializing': conversion from 'float' to 'unsigned long', possible loss of data
c:\users\yaso\documents\visual studio 2017\projects\eve\eve\World.h(57): warning C4018: '>': signed/unsigned mismatch
c:\users\yaso\documents\visual studio 2017\projects\eve\eve\World.h(74): warning C4018: '<': signed/unsigned mismatch
Cell.cpp(32): warning C4305: 'argument': truncation from 'double' to 'float'
Cell.cpp(92): warning C4244: '+=': conversion from 'float' to 'int', possible loss of data
Cell.cpp(95): warning C4244: 'argument': conversion from 'float' to 'int', possible loss of data
Cell.cpp(109): warning C4244: 'argument': conversion from 'float' to 'int', possible loss of data
Cell.cpp(115): warning C4244: '-=': conversion from 'double' to 'float', possible loss of data
Cell.cpp(125): warning C4244: '*=': conversion from 'double' to 'float', possible loss of data
Cell.cpp(126): warning C4244: '*=': conversion from 'double' to 'float', possible loss of data
Cell.cpp(127): warning C4244: '*=': conversion from 'double' to 'float', possible loss of data
Cell.cpp(254): warning C4244: 'argument': conversion from 'double' to 'float', possible loss of data
  CellInfoWindow.cpp
c:\users\yaso\documents\visual studio 2017\projects\eve\eve\Cell.h(94): warning C4244: 'return': conversion from 'int' to 'float', possible loss of data
c:\users\yaso\documents\visual studio 2017\projects\eve\eve\world.h(20): warning C4244: 'initializing': conversion from 'float' to 'unsigned long', possible loss of data
c:\users\yaso\documents\visual studio 2017\projects\eve\eve\world.h(57): warning C4018: '>': signed/unsigned mismatch
c:\users\yaso\documents\visual studio 2017\projects\eve\eve\world.h(74): warning C4018: '<': signed/unsigned mismatch
CellInfoWindow.cpp(26): warning C4302: 'type cast': truncation from 'LPSTR' to 'WORD'
CellInfoWindow.cpp(31): warning C4302: 'type cast': truncation from 'LPSTR' to 'WORD'
  ChemicalContainer.cpp
c:\users\yaso\documents\visual studio 2017\projects\eve\eve\Cell.h(94): warning C4244: 'return': conversion from 'int' to 'float', possible loss of data
c:\users\yaso\documents\visual studio 2017\projects\eve\eve\World.h(20): warning C4244: 'initializing': conversion from 'float' to 'unsigned long', possible loss of data
c:\users\yaso\documents\visual studio 2017\projects\eve\eve\World.h(57): warning C4018: '>': signed/unsigned mismatch
c:\users\yaso\documents\visual studio 2017\projects\eve\eve\World.h(74): warning C4018: '<': signed/unsigned mismatch
ChemicalContainer.cpp(99): warning C4244: '=': conversion from 'double' to 'float', possible loss of data
ChemicalContainer.cpp(108): warning C4244: '=': conversion from 'double' to 'float', possible loss of data
ChemicalContainer.cpp(126): warning C4244: '=': conversion from 'double' to 'float', possible loss of data
  Chunk.cpp
c:\users\yaso\documents\visual studio 2017\projects\eve\eve\Cell.h(94): warning C4244: 'return': conversion from 'int' to 'float', possible loss of data
c:\users\yaso\documents\visual studio 2017\projects\eve\eve\World.h(20): warning C4244: 'initializing': conversion from 'float' to 'unsigned long', possible loss of data
c:\users\yaso\documents\visual studio 2017\projects\eve\eve\World.h(57): warning C4018: '>': signed/unsigned mismatch
c:\users\yaso\documents\visual studio 2017\projects\eve\eve\World.h(74): warning C4018: '<': signed/unsigned mismatch
  InfoWindow.cpp
c:\users\yaso\documents\visual studio 2017\projects\eve\eve\Cell.h(94): warning C4244: 'return': conversion from 'int' to 'float', possible loss of data
c:\users\yaso\documents\visual studio 2017\projects\eve\eve\world.h(20): warning C4244: 'initializing': conversion from 'float' to 'unsigned long', possible loss of data
c:\users\yaso\documents\visual studio 2017\projects\eve\eve\world.h(57): warning C4018: '>': signed/unsigned mismatch
c:\users\yaso\documents\visual studio 2017\projects\eve\eve\world.h(74): warning C4018: '<': signed/unsigned mismatch
InfoWindow.cpp(21): warning C4302: 'type cast': truncation from 'LPSTR' to 'WORD'
InfoWindow.cpp(26): warning C4302: 'type cast': truncation from 'LPSTR' to 'WORD'
  Input.cpp
c:\users\yaso\documents\visual studio 2017\projects\eve\eve\Cell.h(94): warning C4244: 'return': conversion from 'int' to 'float', possible loss of data
c:\users\yaso\documents\visual studio 2017\projects\eve\eve\World.h(20): warning C4244: 'initializing': conversion from 'float' to 'unsigned long', possible loss of data
c:\users\yaso\documents\visual studio 2017\projects\eve\eve\World.h(57): warning C4018: '>': signed/unsigned mismatch
c:\users\yaso\documents\visual studio 2017\projects\eve\eve\World.h(74): warning C4018: '<': signed/unsigned mismatch
Input.cpp(81): warning C4244: 'argument': conversion from 'int' to 'float', possible loss of data
  Membrane.cpp
c:\users\yaso\documents\visual studio 2017\projects\eve\eve\Cell.h(94): warning C4244: 'return': conversion from 'int' to 'float', possible loss of data
c:\users\yaso\documents\visual studio 2017\projects\eve\eve\World.h(20): warning C4244: 'initializing': conversion from 'float' to 'unsigned long', possible loss of data
c:\users\yaso\documents\visual studio 2017\projects\eve\eve\World.h(57): warning C4018: '>': signed/unsigned mismatch
c:\users\yaso\documents\visual studio 2017\projects\eve\eve\World.h(74): warning C4018: '<': signed/unsigned mismatch
Membrane.cpp(25): warning C4244: 'argument': conversion from 'int' to 'float', possible loss of data
Membrane.cpp(25): warning C4244: '=': conversion from 'float' to 'int', possible loss of data
Membrane.cpp(32): warning C4244: 'argument': conversion from 'int' to 'float', possible loss of data
  Model.cpp
c:\users\yaso\documents\visual studio 2017\projects\eve\eve\Cell.h(94): warning C4244: 'return': conversion from 'int' to 'float', possible loss of data
c:\users\yaso\documents\visual studio 2017\projects\eve\eve\World.h(20): warning C4244: 'initializing': conversion from 'float' to 'unsigned long', possible loss of data
c:\users\yaso\documents\visual studio 2017\projects\eve\eve\World.h(57): warning C4018: '>': signed/unsigned mismatch
c:\users\yaso\documents\visual studio 2017\projects\eve\eve\World.h(74): warning C4018: '<': signed/unsigned mismatch
  RenderClass.cpp
c:\users\yaso\documents\visual studio 2017\projects\eve\eve\Cell.h(94): warning C4244: 'return': conversion from 'int' to 'float', possible loss of data
c:\users\yaso\documents\visual studio 2017\projects\eve\eve\World.h(20): warning C4244: 'initializing': conversion from 'float' to 'unsigned long', possible loss of data
c:\users\yaso\documents\visual studio 2017\projects\eve\eve\World.h(57): warning C4018: '>': signed/unsigned mismatch
c:\users\yaso\documents\visual studio 2017\projects\eve\eve\World.h(74): warning C4018: '<': signed/unsigned mismatch
  Source.cpp
c:\users\yaso\documents\visual studio 2017\projects\eve\eve\Cell.h(94): warning C4244: 'return': conversion from 'int' to 'float', possible loss of data
c:\users\yaso\documents\visual studio 2017\projects\eve\eve\World.h(20): warning C4244: 'initializing': conversion from 'float' to 'unsigned long', possible loss of data
c:\users\yaso\documents\visual studio 2017\projects\eve\eve\World.h(57): warning C4018: '>': signed/unsigned mismatch
c:\users\yaso\documents\visual studio 2017\projects\eve\eve\World.h(74): warning C4018: '<': signed/unsigned mismatch
Source.cpp(66): warning C4244: 'argument': conversion from 'time_t' to 'unsigned int', possible loss of data
Source.cpp(76): warning C4302: 'type cast': truncation from 'LPSTR' to 'WORD'
Source.cpp(81): warning C4302: 'type cast': truncation from 'LPSTR' to 'WORD'
Source.cpp(134): warning C4244: '=': conversion from '__int64' to 'int', possible loss of data
Source.cpp(149): warning C4244: 'argument': conversion from 'int' to 'float', possible loss of data
Source.cpp(154): warning C4244: 'argument': conversion from 'float' to 'int', possible loss of data
Source.cpp(172): warning C4244: 'argument': conversion from 'int' to 'float', possible loss of data
  SplittingManager.cpp
c:\users\yaso\documents\visual studio 2017\projects\eve\eve\Cell.h(94): warning C4244: 'return': conversion from 'int' to 'float', possible loss of data
c:\users\yaso\documents\visual studio 2017\projects\eve\eve\World.h(20): warning C4244: 'initializing': conversion from 'float' to 'unsigned long', possible loss of data
c:\users\yaso\documents\visual studio 2017\projects\eve\eve\World.h(57): warning C4018: '>': signed/unsigned mismatch
c:\users\yaso\documents\visual studio 2017\projects\eve\eve\World.h(74): warning C4018: '<': signed/unsigned mismatch
SplittingManager.cpp(19): warning C4244: 'argument': conversion from 'double' to 'int', possible loss of data
  World.cpp
c:\users\yaso\documents\visual studio 2017\projects\eve\eve\Cell.h(94): warning C4244: 'return': conversion from 'int' to 'float', possible loss of data
c:\users\yaso\documents\visual studio 2017\projects\eve\eve\World.h(20): warning C4244: 'initializing': conversion from 'float' to 'unsigned long', possible loss of data
c:\users\yaso\documents\visual studio 2017\projects\eve\eve\World.h(57): warning C4018: '>': signed/unsigned mismatch
c:\users\yaso\documents\visual studio 2017\projects\eve\eve\World.h(74): warning C4018: '<': signed/unsigned mismatch
World.cpp(14): warning C4244: '=': conversion from 'double' to 'int', possible loss of data
World.cpp(15): warning C4244: '=': conversion from 'double' to 'int', possible loss of data
World.cpp(21): warning C4244: '=': conversion from 'double' to 'int', possible loss of data
World.cpp(32): warning C4244: 'argument': conversion from 'int' to 'float', possible loss of data
World.cpp(61): warning C4244: '=': conversion from 'float' to 'int', possible loss of data
World.cpp(65): warning C4244: '=': conversion from 'float' to 'int', possible loss of data
World.cpp(69): warning C4244: '=': conversion from 'float' to 'int', possible loss of data
World.cpp(86): warning C4244: '=': conversion from 'int' to 'float', possible loss of data
World.cpp(227): warning C4244: '+=': conversion from 'double' to 'float', possible loss of data
World.cpp(290): warning C4244: '+=': conversion from 'float' to 'unsigned long', possible loss of data
World.cpp(297): warning C4018: '<': signed/unsigned mismatch
World.cpp(302): warning C4018: '<': signed/unsigned mismatch
World.cpp(304): warning C4018: '<': signed/unsigned mismatch
World.cpp(332): warning C4244: 'argument': conversion from 'float' to 'int', possible loss of data
  Generating code
  0 of 1391 functions ( 0.0%) were compiled, the rest were copied from previous compilation.
    0 functions were new in current compilation
    13 functions had inline decision re-evaluated but remain unchanged
  Finished generating code
  Eve.vcxproj -> C:\Users\Yaso\Documents\Visual Studio 2017\Projects\Eve\Release\Eve.exe
